writing 0examples
com.fasterxml.jackson.core.JsonParseException: Unrecognized token 'https': was expecting (JSON String, Number, Array, Object or token 'null', 'true' or 'false')
 at [Source: REDACTED (`StreamReadFeature.INCLUDE_SOURCE_IN_LOCATION` disabled); line: 1, column: 6]
	at com.fasterxml.jackson.core.JsonParser._constructError(JsonParser.java:2572)
	at com.fasterxml.jackson.core.JsonParser._constructReadException(JsonParser.java:2598)
	at com.fasterxml.jackson.core.JsonParser._constructReadException(JsonParser.java:2606)
	at com.fasterxml.jackson.core.base.ParserMinimalBase._reportError(ParserMinimalBase.java:765)
	at com.fasterxml.jackson.core.json.ReaderBasedJsonParser._reportInvalidToken(ReaderBasedJsonParser.java:3018)
	at com.fasterxml.jackson.core.json.ReaderBasedJsonParser._handleOddValue(ReaderBasedJsonParser.java:2052)
	at com.fasterxml.jackson.core.json.ReaderBasedJsonParser.nextToken(ReaderBasedJsonParser.java:780)
	at com.fasterxml.jackson.databind.ObjectMapper._initForReading(ObjectMapper.java:4992)
	at com.fasterxml.jackson.databind.ObjectMapper._readMapAndClose(ObjectMapper.java:4898)
	at com.fasterxml.jackson.databind.ObjectMapper.readValue(ObjectMapper.java:3848)
	at com.fasterxml.jackson.databind.ObjectMapper.readValue(ObjectMapper.java:3831)
	at SlimCode.parseTokens(SlimCode.java:179)
	at SlimCode.prune(SlimCode.java:219)
	at SlimCode.main(SlimCode.java:267)
writing 0examples
com.fasterxml.jackson.core.JsonParseException: Unrecognized token 'https': was expecting (JSON String, Number, Array, Object or token 'null', 'true' or 'false')
 at [Source: REDACTED (`StreamReadFeature.INCLUDE_SOURCE_IN_LOCATION` disabled); line: 1, column: 6]
	at com.fasterxml.jackson.core.JsonParser._constructError(JsonParser.java:2572)
	at com.fasterxml.jackson.core.JsonParser._constructReadException(JsonParser.java:2598)
	at com.fasterxml.jackson.core.JsonParser._constructReadException(JsonParser.java:2606)
	at com.fasterxml.jackson.core.base.ParserMinimalBase._reportError(ParserMinimalBase.java:765)
	at com.fasterxml.jackson.core.json.ReaderBasedJsonParser._reportInvalidToken(ReaderBasedJsonParser.java:3018)
	at com.fasterxml.jackson.core.json.ReaderBasedJsonParser._handleOddValue(ReaderBasedJsonParser.java:2052)
	at com.fasterxml.jackson.core.json.ReaderBasedJsonParser.nextToken(ReaderBasedJsonParser.java:780)
	at com.fasterxml.jackson.databind.ObjectMapper._initForReading(ObjectMapper.java:4992)
	at com.fasterxml.jackson.databind.ObjectMapper._readMapAndClose(ObjectMapper.java:4898)
	at com.fasterxml.jackson.databind.ObjectMapper.readValue(ObjectMapper.java:3848)
	at com.fasterxml.jackson.databind.ObjectMapper.readValue(ObjectMapper.java:3831)
	at SlimCode.parseTokens(SlimCode.java:179)
	at SlimCode.prune(SlimCode.java:219)
	at SlimCode.main(SlimCode.java:269)
writing 0examples
com.fasterxml.jackson.core.JsonParseException: Unrecognized token 'https': was expecting (JSON String, Number, Array, Object or token 'null', 'true' or 'false')
 at [Source: REDACTED (`StreamReadFeature.INCLUDE_SOURCE_IN_LOCATION` disabled); line: 1, column: 6]
	at com.fasterxml.jackson.core.JsonParser._constructError(JsonParser.java:2572)
	at com.fasterxml.jackson.core.JsonParser._constructReadException(JsonParser.java:2598)
	at com.fasterxml.jackson.core.JsonParser._constructReadException(JsonParser.java:2606)
	at com.fasterxml.jackson.core.base.ParserMinimalBase._reportError(ParserMinimalBase.java:765)
	at com.fasterxml.jackson.core.json.ReaderBasedJsonParser._reportInvalidToken(ReaderBasedJsonParser.java:3018)
	at com.fasterxml.jackson.core.json.ReaderBasedJsonParser._handleOddValue(ReaderBasedJsonParser.java:2052)
	at com.fasterxml.jackson.core.json.ReaderBasedJsonParser.nextToken(ReaderBasedJsonParser.java:780)
	at com.fasterxml.jackson.databind.ObjectMapper._initForReading(ObjectMapper.java:4992)
	at com.fasterxml.jackson.databind.ObjectMapper._readMapAndClose(ObjectMapper.java:4898)
	at com.fasterxml.jackson.databind.ObjectMapper.readValue(ObjectMapper.java:3848)
	at com.fasterxml.jackson.databind.ObjectMapper.readValue(ObjectMapper.java:3831)
	at SlimCode.parseTokens(SlimCode.java:179)
	at SlimCode.prune(SlimCode.java:219)
	at SlimCode.main(SlimCode.java:271)
writing 0examples
com.fasterxml.jackson.core.JsonParseException: Unrecognized token 'https': was expecting (JSON String, Number, Array, Object or token 'null', 'true' or 'false')
 at [Source: REDACTED (`StreamReadFeature.INCLUDE_SOURCE_IN_LOCATION` disabled); line: 1, column: 6]
	at com.fasterxml.jackson.core.JsonParser._constructError(JsonParser.java:2572)
	at com.fasterxml.jackson.core.JsonParser._constructReadException(JsonParser.java:2598)
	at com.fasterxml.jackson.core.JsonParser._constructReadException(JsonParser.java:2606)
	at com.fasterxml.jackson.core.base.ParserMinimalBase._reportError(ParserMinimalBase.java:765)
	at com.fasterxml.jackson.core.json.ReaderBasedJsonParser._reportInvalidToken(ReaderBasedJsonParser.java:3018)
	at com.fasterxml.jackson.core.json.ReaderBasedJsonParser._handleOddValue(ReaderBasedJsonParser.java:2052)
	at com.fasterxml.jackson.core.json.ReaderBasedJsonParser.nextToken(ReaderBasedJsonParser.java:780)
	at com.fasterxml.jackson.databind.ObjectMapper._initForReading(ObjectMapper.java:4992)
	at com.fasterxml.jackson.databind.ObjectMapper._readMapAndClose(ObjectMapper.java:4898)
	at com.fasterxml.jackson.databind.ObjectMapper.readValue(ObjectMapper.java:3848)
	at com.fasterxml.jackson.databind.ObjectMapper.readValue(ObjectMapper.java:3831)
	at SlimCode.parseTokens(SlimCode.java:179)
	at SlimCode.prune(SlimCode.java:219)
	at SlimCode.main(SlimCode.java:273)
writing 0examples
com.fasterxml.jackson.core.JsonParseException: Unrecognized token 'https': was expecting (JSON String, Number, Array, Object or token 'null', 'true' or 'false')
 at [Source: REDACTED (`StreamReadFeature.INCLUDE_SOURCE_IN_LOCATION` disabled); line: 1, column: 6]
	at com.fasterxml.jackson.core.JsonParser._constructError(JsonParser.java:2572)
	at com.fasterxml.jackson.core.JsonParser._constructReadException(JsonParser.java:2598)
	at com.fasterxml.jackson.core.JsonParser._constructReadException(JsonParser.java:2606)
	at com.fasterxml.jackson.core.base.ParserMinimalBase._reportError(ParserMinimalBase.java:765)
	at com.fasterxml.jackson.core.json.ReaderBasedJsonParser._reportInvalidToken(ReaderBasedJsonParser.java:3018)
	at com.fasterxml.jackson.core.json.ReaderBasedJsonParser._handleOddValue(ReaderBasedJsonParser.java:2052)
	at com.fasterxml.jackson.core.json.ReaderBasedJsonParser.nextToken(ReaderBasedJsonParser.java:780)
	at com.fasterxml.jackson.databind.ObjectMapper._initForReading(ObjectMapper.java:4992)
	at com.fasterxml.jackson.databind.ObjectMapper._readMapAndClose(ObjectMapper.java:4898)
	at com.fasterxml.jackson.databind.ObjectMapper.readValue(ObjectMapper.java:3848)
	at com.fasterxml.jackson.databind.ObjectMapper.readValue(ObjectMapper.java:3831)
	at SlimCode.parseTokens(SlimCode.java:179)
	at SlimCode.prune(SlimCode.java:219)
	at SlimCode.main(SlimCode.java:275)
writing 0examples
com.fasterxml.jackson.core.JsonParseException: Unrecognized token 'https': was expecting (JSON String, Number, Array, Object or token 'null', 'true' or 'false')
 at [Source: REDACTED (`StreamReadFeature.INCLUDE_SOURCE_IN_LOCATION` disabled); line: 1, column: 6]
	at com.fasterxml.jackson.core.JsonParser._constructError(JsonParser.java:2572)
	at com.fasterxml.jackson.core.JsonParser._constructReadException(JsonParser.java:2598)
	at com.fasterxml.jackson.core.JsonParser._constructReadException(JsonParser.java:2606)
	at com.fasterxml.jackson.core.base.ParserMinimalBase._reportError(ParserMinimalBase.java:765)
	at com.fasterxml.jackson.core.json.ReaderBasedJsonParser._reportInvalidToken(ReaderBasedJsonParser.java:3018)
	at com.fasterxml.jackson.core.json.ReaderBasedJsonParser._handleOddValue(ReaderBasedJsonParser.java:2052)
	at com.fasterxml.jackson.core.json.ReaderBasedJsonParser.nextToken(ReaderBasedJsonParser.java:780)
	at com.fasterxml.jackson.databind.ObjectMapper._initForReading(ObjectMapper.java:4992)
	at com.fasterxml.jackson.databind.ObjectMapper._readMapAndClose(ObjectMapper.java:4898)
	at com.fasterxml.jackson.databind.ObjectMapper.readValue(ObjectMapper.java:3848)
	at com.fasterxml.jackson.databind.ObjectMapper.readValue(ObjectMapper.java:3831)
	at SlimCode.parseTokens(SlimCode.java:179)
	at SlimCode.prune(SlimCode.java:219)
	at SlimCode.main(SlimCode.java:278)
writing 0examples
com.fasterxml.jackson.core.JsonParseException: Unrecognized token 'https': was expecting (JSON String, Number, Array, Object or token 'null', 'true' or 'false')
 at [Source: REDACTED (`StreamReadFeature.INCLUDE_SOURCE_IN_LOCATION` disabled); line: 1, column: 6]
	at com.fasterxml.jackson.core.JsonParser._constructError(JsonParser.java:2572)
	at com.fasterxml.jackson.core.JsonParser._constructReadException(JsonParser.java:2598)
	at com.fasterxml.jackson.core.JsonParser._constructReadException(JsonParser.java:2606)
	at com.fasterxml.jackson.core.base.ParserMinimalBase._reportError(ParserMinimalBase.java:765)
	at com.fasterxml.jackson.core.json.ReaderBasedJsonParser._reportInvalidToken(ReaderBasedJsonParser.java:3018)
	at com.fasterxml.jackson.core.json.ReaderBasedJsonParser._handleOddValue(ReaderBasedJsonParser.java:2052)
	at com.fasterxml.jackson.core.json.ReaderBasedJsonParser.nextToken(ReaderBasedJsonParser.java:780)
	at com.fasterxml.jackson.databind.ObjectMapper._initForReading(ObjectMapper.java:4992)
	at com.fasterxml.jackson.databind.ObjectMapper._readMapAndClose(ObjectMapper.java:4898)
	at com.fasterxml.jackson.databind.ObjectMapper.readValue(ObjectMapper.java:3848)
	at com.fasterxml.jackson.databind.ObjectMapper.readValue(ObjectMapper.java:3831)
	at SlimCode.parseTokens(SlimCode.java:179)
	at SlimCode.prune(SlimCode.java:219)
	at SlimCode.main(SlimCode.java:280)
writing 0examples
com.fasterxml.jackson.core.JsonParseException: Unrecognized token 'https': was expecting (JSON String, Number, Array, Object or token 'null', 'true' or 'false')
 at [Source: REDACTED (`StreamReadFeature.INCLUDE_SOURCE_IN_LOCATION` disabled); line: 1, column: 6]
	at com.fasterxml.jackson.core.JsonParser._constructError(JsonParser.java:2572)
	at com.fasterxml.jackson.core.JsonParser._constructReadException(JsonParser.java:2598)
	at com.fasterxml.jackson.core.JsonParser._constructReadException(JsonParser.java:2606)
	at com.fasterxml.jackson.core.base.ParserMinimalBase._reportError(ParserMinimalBase.java:765)
	at com.fasterxml.jackson.core.json.ReaderBasedJsonParser._reportInvalidToken(ReaderBasedJsonParser.java:3018)
	at com.fasterxml.jackson.core.json.ReaderBasedJsonParser._handleOddValue(ReaderBasedJsonParser.java:2052)
	at com.fasterxml.jackson.core.json.ReaderBasedJsonParser.nextToken(ReaderBasedJsonParser.java:780)
	at com.fasterxml.jackson.databind.ObjectMapper._initForReading(ObjectMapper.java:4992)
	at com.fasterxml.jackson.databind.ObjectMapper._readMapAndClose(ObjectMapper.java:4898)
	at com.fasterxml.jackson.databind.ObjectMapper.readValue(ObjectMapper.java:3848)
	at com.fasterxml.jackson.databind.ObjectMapper.readValue(ObjectMapper.java:3831)
	at SlimCode.parseTokens(SlimCode.java:179)
	at SlimCode.prune(SlimCode.java:219)
	at SlimCode.main(SlimCode.java:282)
writing 0examples
com.fasterxml.jackson.core.JsonParseException: Unrecognized token 'https': was expecting (JSON String, Number, Array, Object or token 'null', 'true' or 'false')
 at [Source: REDACTED (`StreamReadFeature.INCLUDE_SOURCE_IN_LOCATION` disabled); line: 1, column: 6]
	at com.fasterxml.jackson.core.JsonParser._constructError(JsonParser.java:2572)
	at com.fasterxml.jackson.core.JsonParser._constructReadException(JsonParser.java:2598)
	at com.fasterxml.jackson.core.JsonParser._constructReadException(JsonParser.java:2606)
	at com.fasterxml.jackson.core.base.ParserMinimalBase._reportError(ParserMinimalBase.java:765)
	at com.fasterxml.jackson.core.json.ReaderBasedJsonParser._reportInvalidToken(ReaderBasedJsonParser.java:3018)
	at com.fasterxml.jackson.core.json.ReaderBasedJsonParser._handleOddValue(ReaderBasedJsonParser.java:2052)
	at com.fasterxml.jackson.core.json.ReaderBasedJsonParser.nextToken(ReaderBasedJsonParser.java:780)
	at com.fasterxml.jackson.databind.ObjectMapper._initForReading(ObjectMapper.java:4992)
	at com.fasterxml.jackson.databind.ObjectMapper._readMapAndClose(ObjectMapper.java:4898)
	at com.fasterxml.jackson.databind.ObjectMapper.readValue(ObjectMapper.java:3848)
	at com.fasterxml.jackson.databind.ObjectMapper.readValue(ObjectMapper.java:3831)
	at SlimCode.parseTokens(SlimCode.java:179)
	at SlimCode.prune(SlimCode.java:219)
	at SlimCode.main(SlimCode.java:284)
writing 0examples
com.fasterxml.jackson.core.JsonParseException: Unrecognized token 'https': was expecting (JSON String, Number, Array, Object or token 'null', 'true' or 'false')
 at [Source: REDACTED (`StreamReadFeature.INCLUDE_SOURCE_IN_LOCATION` disabled); line: 1, column: 6]
	at com.fasterxml.jackson.core.JsonParser._constructError(JsonParser.java:2572)
	at com.fasterxml.jackson.core.JsonParser._constructReadException(JsonParser.java:2598)
	at com.fasterxml.jackson.core.JsonParser._constructReadException(JsonParser.java:2606)
	at com.fasterxml.jackson.core.base.ParserMinimalBase._reportError(ParserMinimalBase.java:765)
	at com.fasterxml.jackson.core.json.ReaderBasedJsonParser._reportInvalidToken(ReaderBasedJsonParser.java:3018)
	at com.fasterxml.jackson.core.json.ReaderBasedJsonParser._handleOddValue(ReaderBasedJsonParser.java:2052)
	at com.fasterxml.jackson.core.json.ReaderBasedJsonParser.nextToken(ReaderBasedJsonParser.java:780)
	at com.fasterxml.jackson.databind.ObjectMapper._initForReading(ObjectMapper.java:4992)
	at com.fasterxml.jackson.databind.ObjectMapper._readMapAndClose(ObjectMapper.java:4898)
	at com.fasterxml.jackson.databind.ObjectMapper.readValue(ObjectMapper.java:3848)
	at com.fasterxml.jackson.databind.ObjectMapper.readValue(ObjectMapper.java:3831)
	at SlimCode.parseTokens(SlimCode.java:179)
	at SlimCode.prune(SlimCode.java:219)
	at SlimCode.main(SlimCode.java:286)
writing 0examples
Exception in thread "main" java.lang.ArrayIndexOutOfBoundsException: Index 4 out of bounds for length 4
	at SlimCode.prune(SlimCode.java:210)
	at SlimCode.main(SlimCode.java:289)
