java.io.FileNotFoundException: slimcode/data/codesearch/test_with_tokens.txt (No such file or directory)
	at java.base/java.io.FileInputStream.open0(Native Method)
	at java.base/java.io.FileInputStream.open(FileInputStream.java:219)
	at java.base/java.io.FileInputStream.<init>(FileInputStream.java:157)
	at java.base/java.io.FileInputStream.<init>(FileInputStream.java:112)
	at SlimCode.readFile(SlimCode.java:165)
	at SlimCode.prune(SlimCode.java:190)
	at SlimCode.main(SlimCode.java:267)
java.io.FileNotFoundException: slimcode/data/codesearch/test_with_tokens.txt (No such file or directory)
	at java.base/java.io.FileInputStream.open0(Native Method)
	at java.base/java.io.FileInputStream.open(FileInputStream.java:219)
	at java.base/java.io.FileInputStream.<init>(FileInputStream.java:157)
	at java.base/java.io.FileInputStream.<init>(FileInputStream.java:112)
	at SlimCode.readFile(SlimCode.java:165)
	at SlimCode.prune(SlimCode.java:190)
	at SlimCode.main(SlimCode.java:269)
java.io.FileNotFoundException: slimcode/data/codesearch/test_with_tokens.txt (No such file or directory)
	at java.base/java.io.FileInputStream.open0(Native Method)
	at java.base/java.io.FileInputStream.open(FileInputStream.java:219)
	at java.base/java.io.FileInputStream.<init>(FileInputStream.java:157)
	at java.base/java.io.FileInputStream.<init>(FileInputStream.java:112)
	at SlimCode.readFile(SlimCode.java:165)
	at SlimCode.prune(SlimCode.java:190)
	at SlimCode.main(SlimCode.java:271)
java.io.FileNotFoundException: slimcode/data/codesearch/test_with_tokens.txt (No such file or directory)
	at java.base/java.io.FileInputStream.open0(Native Method)
	at java.base/java.io.FileInputStream.open(FileInputStream.java:219)
	at java.base/java.io.FileInputStream.<init>(FileInputStream.java:157)
	at java.base/java.io.FileInputStream.<init>(FileInputStream.java:112)
	at SlimCode.readFile(SlimCode.java:165)
	at SlimCode.prune(SlimCode.java:190)
	at SlimCode.main(SlimCode.java:273)
java.io.FileNotFoundException: slimcode/data/codesearch/test_with_tokens.txt (No such file or directory)
	at java.base/java.io.FileInputStream.open0(Native Method)
	at java.base/java.io.FileInputStream.open(FileInputStream.java:219)
	at java.base/java.io.FileInputStream.<init>(FileInputStream.java:157)
	at java.base/java.io.FileInputStream.<init>(FileInputStream.java:112)
	at SlimCode.readFile(SlimCode.java:165)
	at SlimCode.prune(SlimCode.java:190)
	at SlimCode.main(SlimCode.java:275)
java.io.FileNotFoundException: slimcode/data/codesearch/test_with_tokens_codebert.txt (No such file or directory)
	at java.base/java.io.FileInputStream.open0(Native Method)
	at java.base/java.io.FileInputStream.open(FileInputStream.java:219)
	at java.base/java.io.FileInputStream.<init>(FileInputStream.java:157)
	at java.base/java.io.FileInputStream.<init>(FileInputStream.java:112)
	at SlimCode.readFile(SlimCode.java:165)
	at SlimCode.prune(SlimCode.java:190)
	at SlimCode.main(SlimCode.java:278)
java.io.FileNotFoundException: slimcode/data/codesearch/test_with_tokens_codebert.txt (No such file or directory)
	at java.base/java.io.FileInputStream.open0(Native Method)
	at java.base/java.io.FileInputStream.open(FileInputStream.java:219)
	at java.base/java.io.FileInputStream.<init>(FileInputStream.java:157)
	at java.base/java.io.FileInputStream.<init>(FileInputStream.java:112)
	at SlimCode.readFile(SlimCode.java:165)
	at SlimCode.prune(SlimCode.java:190)
	at SlimCode.main(SlimCode.java:280)
java.io.FileNotFoundException: slimcode/data/codesearch/test_with_tokens_codebert.txt (No such file or directory)
	at java.base/java.io.FileInputStream.open0(Native Method)
	at java.base/java.io.FileInputStream.open(FileInputStream.java:219)
	at java.base/java.io.FileInputStream.<init>(FileInputStream.java:157)
	at java.base/java.io.FileInputStream.<init>(FileInputStream.java:112)
	at SlimCode.readFile(SlimCode.java:165)
	at SlimCode.prune(SlimCode.java:190)
	at SlimCode.main(SlimCode.java:282)
java.io.FileNotFoundException: slimcode/data/codesearch/test_with_tokens_codebert.txt (No such file or directory)
	at java.base/java.io.FileInputStream.open0(Native Method)
	at java.base/java.io.FileInputStream.open(FileInputStream.java:219)
	at java.base/java.io.FileInputStream.<init>(FileInputStream.java:157)
	at java.base/java.io.FileInputStream.<init>(FileInputStream.java:112)
	at SlimCode.readFile(SlimCode.java:165)
	at SlimCode.prune(SlimCode.java:190)
	at SlimCode.main(SlimCode.java:284)
java.io.FileNotFoundException: slimcode/data/codesearch/test_with_tokens_codebert.txt (No such file or directory)
	at java.base/java.io.FileInputStream.open0(Native Method)
	at java.base/java.io.FileInputStream.open(FileInputStream.java:219)
	at java.base/java.io.FileInputStream.<init>(FileInputStream.java:157)
	at java.base/java.io.FileInputStream.<init>(FileInputStream.java:112)
	at SlimCode.readFile(SlimCode.java:165)
	at SlimCode.prune(SlimCode.java:190)
	at SlimCode.main(SlimCode.java:286)
java.io.FileNotFoundException: slimcode/data/code2nl/test_with_tokens.txt (No such file or directory)
	at java.base/java.io.FileInputStream.open0(Native Method)
	at java.base/java.io.FileInputStream.open(FileInputStream.java:219)
	at java.base/java.io.FileInputStream.<init>(FileInputStream.java:157)
	at java.base/java.io.FileInputStream.<init>(FileInputStream.java:112)
	at SlimCode.readFile(SlimCode.java:165)
	at SlimCode.prune(SlimCode.java:190)
	at SlimCode.main(SlimCode.java:289)
java.io.FileNotFoundException: slimcode/data/code2nl/test_with_tokens.txt (No such file or directory)
	at java.base/java.io.FileInputStream.open0(Native Method)
	at java.base/java.io.FileInputStream.open(FileInputStream.java:219)
	at java.base/java.io.FileInputStream.<init>(FileInputStream.java:157)
	at java.base/java.io.FileInputStream.<init>(FileInputStream.java:112)
	at SlimCode.readFile(SlimCode.java:165)
	at SlimCode.prune(SlimCode.java:190)
	at SlimCode.main(SlimCode.java:291)
java.io.FileNotFoundException: slimcode/data/code2nl/test_with_tokens.txt (No such file or directory)
	at java.base/java.io.FileInputStream.open0(Native Method)
	at java.base/java.io.FileInputStream.open(FileInputStream.java:219)
	at java.base/java.io.FileInputStream.<init>(FileInputStream.java:157)
	at java.base/java.io.FileInputStream.<init>(FileInputStream.java:112)
	at SlimCode.readFile(SlimCode.java:165)
	at SlimCode.prune(SlimCode.java:190)
	at SlimCode.main(SlimCode.java:293)
java.io.FileNotFoundException: slimcode/data/code2nl/test_with_tokens.txt (No such file or directory)
	at java.base/java.io.FileInputStream.open0(Native Method)
	at java.base/java.io.FileInputStream.open(FileInputStream.java:219)
	at java.base/java.io.FileInputStream.<init>(FileInputStream.java:157)
	at java.base/java.io.FileInputStream.<init>(FileInputStream.java:112)
	at SlimCode.readFile(SlimCode.java:165)
	at SlimCode.prune(SlimCode.java:190)
	at SlimCode.main(SlimCode.java:295)
java.io.FileNotFoundException: slimcode/data/code2nl/test_with_tokens.txt (No such file or directory)
	at java.base/java.io.FileInputStream.open0(Native Method)
	at java.base/java.io.FileInputStream.open(FileInputStream.java:219)
	at java.base/java.io.FileInputStream.<init>(FileInputStream.java:157)
	at java.base/java.io.FileInputStream.<init>(FileInputStream.java:112)
	at SlimCode.readFile(SlimCode.java:165)
	at SlimCode.prune(SlimCode.java:190)
	at SlimCode.main(SlimCode.java:297)
java.io.FileNotFoundException: slimcode/data/code2nl/test_with_tokens_codebert.txt (No such file or directory)
	at java.base/java.io.FileInputStream.open0(Native Method)
	at java.base/java.io.FileInputStream.open(FileInputStream.java:219)
	at java.base/java.io.FileInputStream.<init>(FileInputStream.java:157)
	at java.base/java.io.FileInputStream.<init>(FileInputStream.java:112)
	at SlimCode.readFile(SlimCode.java:165)
	at SlimCode.prune(SlimCode.java:190)
	at SlimCode.main(SlimCode.java:300)
java.io.FileNotFoundException: slimcode/data/code2nl/test_with_tokens_codebert.txt (No such file or directory)
	at java.base/java.io.FileInputStream.open0(Native Method)
	at java.base/java.io.FileInputStream.open(FileInputStream.java:219)
	at java.base/java.io.FileInputStream.<init>(FileInputStream.java:157)
	at java.base/java.io.FileInputStream.<init>(FileInputStream.java:112)
	at SlimCode.readFile(SlimCode.java:165)
	at SlimCode.prune(SlimCode.java:190)
	at SlimCode.main(SlimCode.java:302)
java.io.FileNotFoundException: slimcode/data/code2nl/test_with_tokens_codebert.txt (No such file or directory)
	at java.base/java.io.FileInputStream.open0(Native Method)
	at java.base/java.io.FileInputStream.open(FileInputStream.java:219)
	at java.base/java.io.FileInputStream.<init>(FileInputStream.java:157)
	at java.base/java.io.FileInputStream.<init>(FileInputStream.java:112)
	at SlimCode.readFile(SlimCode.java:165)
	at SlimCode.prune(SlimCode.java:190)
	at SlimCode.main(SlimCode.java:304)
java.io.FileNotFoundException: slimcode/data/code2nl/test_with_tokens_codebert.txt (No such file or directory)
	at java.base/java.io.FileInputStream.open0(Native Method)
	at java.base/java.io.FileInputStream.open(FileInputStream.java:219)
	at java.base/java.io.FileInputStream.<init>(FileInputStream.java:157)
	at java.base/java.io.FileInputStream.<init>(FileInputStream.java:112)
	at SlimCode.readFile(SlimCode.java:165)
	at SlimCode.prune(SlimCode.java:190)
	at SlimCode.main(SlimCode.java:306)
java.io.FileNotFoundException: slimcode/data/code2nl/test_with_tokens_codebert.txt (No such file or directory)
	at java.base/java.io.FileInputStream.open0(Native Method)
	at java.base/java.io.FileInputStream.open(FileInputStream.java:219)
	at java.base/java.io.FileInputStream.<init>(FileInputStream.java:157)
	at java.base/java.io.FileInputStream.<init>(FileInputStream.java:112)
	at SlimCode.readFile(SlimCode.java:165)
	at SlimCode.prune(SlimCode.java:190)
	at SlimCode.main(SlimCode.java:308)
